
ROM used:   1942/8192 (24%)
            1942/8192 (24%) including unused fragments

            0.5 Average locations per line
            4.3 Average locations per statement

RAM used:   96/1024 (9%) at main() level
            123/1024 (12%) worst case

Stack used: 7 worst case (4 in main + 3 for interrupts)
Stack size: 16

Lines Stmts  %   Files
----- ----- ---  -----
  116    45  10  main.c
 1403     0   0  ..\..\..\..\..\..\..\Program Files (x86)\PICC\Devices\16F15345.h
   88     0   0  ..\..\..\..\..\..\..\Program Files (x86)\PICC\Drivers\modbus.c
  199     0   0  ..\..\..\..\..\..\..\Program Files (x86)\PICC\Drivers\modbus.h
  200     0   0  ..\..\..\..\..\..\..\Program Files (x86)\PICC\Drivers\modbus_phy_layer.h
  597     0   0  ..\..\..\..\..\..\..\Program Files (x86)\PICC\Drivers\modbus_app_layer.h
  390    68  15  ..\..\..\..\..\..\..\Program Files (x86)\PICC\Drivers\modbus_phy_layer_rtu.c
 1046   343  75  ..\..\..\..\..\..\..\Program Files (x86)\PICC\Drivers\modbus_app_layer.c
----- -----
 4039   456 Total

Page ROM  %  RAM    Vol Diff  Functions:
---- --- --- ---    --- ----  ----------
0     21   1    1             @delay_ms1
0     20   1    1             @delay_us1
0      7   0    0             @TIMERISR_1
 Inline         0     61  1.6  @GET_TICKS_1
0     36   2    2     32  1.0  @SET_TICKS_1
 Inline         0    290  6.0  @PUTCHARI_BIU_2
0     18   1    0    367  7.8  @GETCH_BIU_2
0    257  13    0    369  8.0  @const885
0    257  13    0    243  7.0  @const888
0     13   1    0    219  2.7  RCV_ON
0     12   1    1     43  1.5  modbus_enable_timeout
 Inline         0    259  5.0  modbus_timeout_now
 Inline         2     80  2.7  modbus_check_timeout
0     20   1    2    230  3.2  modbus_calc_crc
0     31   2    2     88  2.1  modbus_serial_putc
 Inline         3    211  4.0  modbus_serial_send_start
 Inline         3    387  5.6  modbus_serial_send_stop
0     74   4    4    754  6.0  incomming_modbus_serial
0      6   0    0     47  1.3  modbus_init
 Inline         0    269  5.3  modbus_kbhit
0    287  15    6    552  6.0  modbus_read_input_registers
0    492  25    2   1828  6.8  MAIN
0     10   1    0   1882 11.0  @const916
0     82   4    5             @PSTRINGC7_115200_116_117
0      5   0    0     61  1.6  @const921
0     42   2    2     61  1.6  @PRINTF_X_115200_116_117
0      3   0    0   2308 12.4  @const926
0     13   1    0   2354 12.5  @const927
0     92   5    5     27  1.5  @PSTRINGCN7_115200_116_117
0      4   0    0     53  2.6  @const930
0      3   0    0     63  3.1  @const932
0     13   1    0    110  3.0  @const933
0      4   0    0    110  3.0  @const934
0      3   0    0     61  1.6  @const936
0     13   1    0     39  2.1  @const937
0      5   0    0   1068 10.5  @const938
0      3   0    0    696  9.3  @const940
0     13   1    0             @const941
 Inline         0             @cinit1

Program metrics:
    Functions               33
    Statements              456
    Comments                1055
    Volume (V)              25763
    Difficulty (D)          161.5
    Effort to implement (E) 4160365
    Time to implement (T)   64 hours, 12 minutes
    Est Delivered Bugs (B)  9
    Cyclomatic Complexity   69
    Maintainability (MI)    124

 Segment     Used  Free
-----------  ----  ----
00000-00002     3  0  
00003-00003     0  1  
00004-00053    80  0  
00054-007FF  1859  105  
00800-00FFF     0  2048  
01000-017FF     0  2048  
01800-01FFF     0  2048  



